This is pdfTeX, Version 3.1415926-2.5-1.40.14 (TeX Live 2013) (format=pdflatex 2014.6.5)  26 NOV 2014 14:55
entering extended mode
 restricted \write18 enabled.
 %&-line parsing enabled.
**FatFingerReport
(./FatFingerReport.tex
LaTeX2e <2011/06/27>
Babel <3.9f> and hyphenation patterns for 78 languages loaded.
(/usr/local/texlive/2013/texmf-dist/tex/latex/base/report.cls
Document Class: report 2007/10/19 v1.4h Standard LaTeX document class
(/usr/local/texlive/2013/texmf-dist/tex/latex/base/size10.clo
File: size10.clo 2007/10/19 v1.4h Standard LaTeX file (size option)
)
\c@part=\count79
\c@chapter=\count80
\c@section=\count81
\c@subsection=\count82
\c@subsubsection=\count83
\c@paragraph=\count84
\c@subparagraph=\count85
\c@figure=\count86
\c@table=\count87
\abovecaptionskip=\skip41
\belowcaptionskip=\skip42
\bibindent=\dimen102
)
(/usr/local/texlive/2013/texmf-dist/tex/latex/geometry/geometry.sty
Package: geometry 2010/09/12 v5.6 Page Geometry

(/usr/local/texlive/2013/texmf-dist/tex/latex/graphics/keyval.sty
Package: keyval 1999/03/16 v1.13 key=value parser (DPC)
\KV@toks@=\toks14
)
(/usr/local/texlive/2013/texmf-dist/tex/generic/oberdiek/ifpdf.sty
Package: ifpdf 2011/01/30 v2.3 Provides the ifpdf switch (HO)
Package ifpdf Info: pdfTeX in PDF mode is detected.
)
(/usr/local/texlive/2013/texmf-dist/tex/generic/oberdiek/ifvtex.sty
Package: ifvtex 2010/03/01 v1.5 Detect VTeX and its facilities (HO)
Package ifvtex Info: VTeX not detected.
)
(/usr/local/texlive/2013/texmf-dist/tex/generic/ifxetex/ifxetex.sty
Package: ifxetex 2010/09/12 v0.6 Provides ifxetex conditional
)
\Gm@cnth=\count88
\Gm@cntv=\count89
\c@Gm@tempcnt=\count90
\Gm@bindingoffset=\dimen103
\Gm@wd@mp=\dimen104
\Gm@odd@mp=\dimen105
\Gm@even@mp=\dimen106
\Gm@layoutwidth=\dimen107
\Gm@layoutheight=\dimen108
\Gm@layouthoffset=\dimen109
\Gm@layoutvoffset=\dimen110
\Gm@dimlist=\toks15
)
(/usr/local/texlive/2013/texmf-dist/tex/latex/base/inputenc.sty
Package: inputenc 2008/03/30 v1.1d Input encoding file
\inpenc@prehook=\toks16
\inpenc@posthook=\toks17

(/usr/local/texlive/2013/texmf-dist/tex/latex/base/utf8.def
File: utf8.def 2008/04/05 v1.1m UTF-8 support for inputenc
Now handling font encoding OML ...
... no UTF-8 mapping file for font encoding OML
Now handling font encoding T1 ...
... processing UTF-8 mapping file for font encoding T1

(/usr/local/texlive/2013/texmf-dist/tex/latex/base/t1enc.dfu
File: t1enc.dfu 2008/04/05 v1.1m UTF-8 support for inputenc
   defining Unicode char U+00A1 (decimal 161)
   defining Unicode char U+00A3 (decimal 163)
   defining Unicode char U+00AB (decimal 171)
   defining Unicode char U+00BB (decimal 187)
   defining Unicode char U+00BF (decimal 191)
   defining Unicode char U+00C0 (decimal 192)
   defining Unicode char U+00C1 (decimal 193)
   defining Unicode char U+00C2 (decimal 194)
   defining Unicode char U+00C3 (decimal 195)
   defining Unicode char U+00C4 (decimal 196)
   defining Unicode char U+00C5 (decimal 197)
   defining Unicode char U+00C6 (decimal 198)
   defining Unicode char U+00C7 (decimal 199)
   defining Unicode char U+00C8 (decimal 200)
   defining Unicode char U+00C9 (decimal 201)
   defining Unicode char U+00CA (decimal 202)
   defining Unicode char U+00CB (decimal 203)
   defining Unicode char U+00CC (decimal 204)
   defining Unicode char U+00CD (decimal 205)
   defining Unicode char U+00CE (decimal 206)
   defining Unicode char U+00CF (decimal 207)
   defining Unicode char U+00D0 (decimal 208)
   defining Unicode char U+00D1 (decimal 209)
   defining Unicode char U+00D2 (decimal 210)
   defining Unicode char U+00D3 (decimal 211)
   defining Unicode char U+00D4 (decimal 212)
   defining Unicode char U+00D5 (decimal 213)
   defining Unicode char U+00D6 (decimal 214)
   defining Unicode char U+00D8 (decimal 216)
   defining Unicode char U+00D9 (decimal 217)
   defining Unicode char U+00DA (decimal 218)
   defining Unicode char U+00DB (decimal 219)
   defining Unicode char U+00DC (decimal 220)
   defining Unicode char U+00DD (decimal 221)
   defining Unicode char U+00DE (decimal 222)
   defining Unicode char U+00DF (decimal 223)
   defining Unicode char U+00E0 (decimal 224)
   defining Unicode char U+00E1 (decimal 225)
   defining Unicode char U+00E2 (decimal 226)
   defining Unicode char U+00E3 (decimal 227)
   defining Unicode char U+00E4 (decimal 228)
   defining Unicode char U+00E5 (decimal 229)
   defining Unicode char U+00E6 (decimal 230)
   defining Unicode char U+00E7 (decimal 231)
   defining Unicode char U+00E8 (decimal 232)
   defining Unicode char U+00E9 (decimal 233)
   defining Unicode char U+00EA (decimal 234)
   defining Unicode char U+00EB (decimal 235)
   defining Unicode char U+00EC (decimal 236)
   defining Unicode char U+00ED (decimal 237)
   defining Unicode char U+00EE (decimal 238)
   defining Unicode char U+00EF (decimal 239)
   defining Unicode char U+00F0 (decimal 240)
   defining Unicode char U+00F1 (decimal 241)
   defining Unicode char U+00F2 (decimal 242)
   defining Unicode char U+00F3 (decimal 243)
   defining Unicode char U+00F4 (decimal 244)
   defining Unicode char U+00F5 (decimal 245)
   defining Unicode char U+00F6 (decimal 246)
   defining Unicode char U+00F8 (decimal 248)
   defining Unicode char U+00F9 (decimal 249)
   defining Unicode char U+00FA (decimal 250)
   defining Unicode char U+00FB (decimal 251)
   defining Unicode char U+00FC (decimal 252)
   defining Unicode char U+00FD (decimal 253)
   defining Unicode char U+00FE (decimal 254)
   defining Unicode char U+00FF (decimal 255)
   defining Unicode char U+0102 (decimal 258)
   defining Unicode char U+0103 (decimal 259)
   defining Unicode char U+0104 (decimal 260)
   defining Unicode char U+0105 (decimal 261)
   defining Unicode char U+0106 (decimal 262)
   defining Unicode char U+0107 (decimal 263)
   defining Unicode char U+010C (decimal 268)
   defining Unicode char U+010D (decimal 269)
   defining Unicode char U+010E (decimal 270)
   defining Unicode char U+010F (decimal 271)
   defining Unicode char U+0110 (decimal 272)
   defining Unicode char U+0111 (decimal 273)
   defining Unicode char U+0118 (decimal 280)
   defining Unicode char U+0119 (decimal 281)
   defining Unicode char U+011A (decimal 282)
   defining Unicode char U+011B (decimal 283)
   defining Unicode char U+011E (decimal 286)
   defining Unicode char U+011F (decimal 287)
   defining Unicode char U+0130 (decimal 304)
   defining Unicode char U+0131 (decimal 305)
   defining Unicode char U+0132 (decimal 306)
   defining Unicode char U+0133 (decimal 307)
   defining Unicode char U+0139 (decimal 313)
   defining Unicode char U+013A (decimal 314)
   defining Unicode char U+013D (decimal 317)
   defining Unicode char U+013E (decimal 318)
   defining Unicode char U+0141 (decimal 321)
   defining Unicode char U+0142 (decimal 322)
   defining Unicode char U+0143 (decimal 323)
   defining Unicode char U+0144 (decimal 324)
   defining Unicode char U+0147 (decimal 327)
   defining Unicode char U+0148 (decimal 328)
   defining Unicode char U+014A (decimal 330)
   defining Unicode char U+014B (decimal 331)
   defining Unicode char U+0150 (decimal 336)
   defining Unicode char U+0151 (decimal 337)
   defining Unicode char U+0152 (decimal 338)
   defining Unicode char U+0153 (decimal 339)
   defining Unicode char U+0154 (decimal 340)
   defining Unicode char U+0155 (decimal 341)
   defining Unicode char U+0158 (decimal 344)
   defining Unicode char U+0159 (decimal 345)
   defining Unicode char U+015A (decimal 346)
   defining Unicode char U+015B (decimal 347)
   defining Unicode char U+015E (decimal 350)
   defining Unicode char U+015F (decimal 351)
   defining Unicode char U+0160 (decimal 352)
   defining Unicode char U+0161 (decimal 353)
   defining Unicode char U+0162 (decimal 354)
   defining Unicode char U+0163 (decimal 355)
   defining Unicode char U+0164 (decimal 356)
   defining Unicode char U+0165 (decimal 357)
   defining Unicode char U+016E (decimal 366)
   defining Unicode char U+016F (decimal 367)
   defining Unicode char U+0170 (decimal 368)
   defining Unicode char U+0171 (decimal 369)
   defining Unicode char U+0178 (decimal 376)
   defining Unicode char U+0179 (decimal 377)
   defining Unicode char U+017A (decimal 378)
   defining Unicode char U+017B (decimal 379)
   defining Unicode char U+017C (decimal 380)
   defining Unicode char U+017D (decimal 381)
   defining Unicode char U+017E (decimal 382)
   defining Unicode char U+200C (decimal 8204)
   defining Unicode char U+2013 (decimal 8211)
   defining Unicode char U+2014 (decimal 8212)
   defining Unicode char U+2018 (decimal 8216)
   defining Unicode char U+2019 (decimal 8217)
   defining Unicode char U+201A (decimal 8218)
   defining Unicode char U+201C (decimal 8220)
   defining Unicode char U+201D (decimal 8221)
   defining Unicode char U+201E (decimal 8222)
   defining Unicode char U+2030 (decimal 8240)
   defining Unicode char U+2031 (decimal 8241)
   defining Unicode char U+2039 (decimal 8249)
   defining Unicode char U+203A (decimal 8250)
   defining Unicode char U+2423 (decimal 9251)
)
Now handling font encoding OT1 ...
... processing UTF-8 mapping file for font encoding OT1

(/usr/local/texlive/2013/texmf-dist/tex/latex/base/ot1enc.dfu
File: ot1enc.dfu 2008/04/05 v1.1m UTF-8 support for inputenc
   defining Unicode char U+00A1 (decimal 161)
   defining Unicode char U+00A3 (decimal 163)
   defining Unicode char U+00B8 (decimal 184)
   defining Unicode char U+00BF (decimal 191)
   defining Unicode char U+00C5 (decimal 197)
   defining Unicode char U+00C6 (decimal 198)
   defining Unicode char U+00D8 (decimal 216)
   defining Unicode char U+00DF (decimal 223)
   defining Unicode char U+00E6 (decimal 230)
   defining Unicode char U+00EC (decimal 236)
   defining Unicode char U+00ED (decimal 237)
   defining Unicode char U+00EE (decimal 238)
   defining Unicode char U+00EF (decimal 239)
   defining Unicode char U+00F8 (decimal 248)
   defining Unicode char U+0131 (decimal 305)
   defining Unicode char U+0141 (decimal 321)
   defining Unicode char U+0142 (decimal 322)
   defining Unicode char U+0152 (decimal 338)
   defining Unicode char U+0153 (decimal 339)
   defining Unicode char U+2013 (decimal 8211)
   defining Unicode char U+2014 (decimal 8212)
   defining Unicode char U+2018 (decimal 8216)
   defining Unicode char U+2019 (decimal 8217)
   defining Unicode char U+201C (decimal 8220)
   defining Unicode char U+201D (decimal 8221)
)
Now handling font encoding OMS ...
... processing UTF-8 mapping file for font encoding OMS

(/usr/local/texlive/2013/texmf-dist/tex/latex/base/omsenc.dfu
File: omsenc.dfu 2008/04/05 v1.1m UTF-8 support for inputenc
   defining Unicode char U+00A7 (decimal 167)
   defining Unicode char U+00B6 (decimal 182)
   defining Unicode char U+00B7 (decimal 183)
   defining Unicode char U+2020 (decimal 8224)
   defining Unicode char U+2021 (decimal 8225)
   defining Unicode char U+2022 (decimal 8226)
)
Now handling font encoding OMX ...
... no UTF-8 mapping file for font encoding OMX
Now handling font encoding U ...
... no UTF-8 mapping file for font encoding U
   defining Unicode char U+00A9 (decimal 169)
   defining Unicode char U+00AA (decimal 170)
   defining Unicode char U+00AE (decimal 174)
   defining Unicode char U+00BA (decimal 186)
   defining Unicode char U+02C6 (decimal 710)
   defining Unicode char U+02DC (decimal 732)
   defining Unicode char U+200C (decimal 8204)
   defining Unicode char U+2026 (decimal 8230)
   defining Unicode char U+2122 (decimal 8482)
   defining Unicode char U+2423 (decimal 9251)
))
(/usr/local/texlive/2013/texmf-dist/tex/latex/float/float.sty
Package: float 2001/11/08 v1.3d Float enhancements (AL)
\c@float@type=\count91
\float@exts=\toks18
\float@box=\box26
\@float@everytoks=\toks19
\@floatcapt=\box27
)
(/usr/local/texlive/2013/texmf-dist/tex/latex/graphics/color.sty
Package: color 2005/11/14 v1.0j Standard LaTeX Color (DPC)

(/usr/local/texlive/2013/texmf-dist/tex/latex/latexconfig/color.cfg
File: color.cfg 2007/01/18 v1.5 color configuration of teTeX/TeXLive
)
Package color Info: Driver file: pdftex.def on input line 130.

(/usr/local/texlive/2013/texmf-dist/tex/latex/pdftex-def/pdftex.def
File: pdftex.def 2011/05/27 v0.06d Graphics/color for pdfTeX

(/usr/local/texlive/2013/texmf-dist/tex/generic/oberdiek/infwarerr.sty
Package: infwarerr 2010/04/08 v1.3 Providing info/warning/error messages (HO)
)
(/usr/local/texlive/2013/texmf-dist/tex/generic/oberdiek/ltxcmds.sty
Package: ltxcmds 2011/11/09 v1.22 LaTeX kernel commands for general use (HO)
)
\Gread@gobject=\count92
))
(/usr/local/texlive/2013/texmf-dist/tex/latex/xcolor/xcolor.sty
Package: xcolor 2007/01/21 v2.11 LaTeX color extensions (UK)

(/usr/local/texlive/2013/texmf-dist/tex/latex/latexconfig/color.cfg
File: color.cfg 2007/01/18 v1.5 color configuration of teTeX/TeXLive
)
Package xcolor Info: Driver file: pdftex.def on input line 225.
LaTeX Info: Redefining \color on input line 702.
Package xcolor Info: Model `cmy' substituted by `cmy0' on input line 1337.
Package xcolor Info: Model `hsb' substituted by `rgb' on input line 1341.
Package xcolor Info: Model `RGB' extended on input line 1353.
Package xcolor Info: Model `HTML' substituted by `rgb' on input line 1355.
Package xcolor Info: Model `Hsb' substituted by `hsb' on input line 1356.
Package xcolor Info: Model `tHsb' substituted by `hsb' on input line 1357.
Package xcolor Info: Model `HSB' substituted by `hsb' on input line 1358.
Package xcolor Info: Model `Gray' substituted by `gray' on input line 1359.
Package xcolor Info: Model `wave' substituted by `hsb' on input line 1360.
)
(/usr/local/texlive/2013/texmf-dist/tex/latex/amsmath/amsmath.sty
Package: amsmath 2013/01/14 v2.14 AMS math features
\@mathmargin=\skip43

For additional information on amsmath, use the `?' option.
(/usr/local/texlive/2013/texmf-dist/tex/latex/amsmath/amstext.sty
Package: amstext 2000/06/29 v2.01

(/usr/local/texlive/2013/texmf-dist/tex/latex/amsmath/amsgen.sty
File: amsgen.sty 1999/11/30 v2.0
\@emptytoks=\toks20
\ex@=\dimen111
))
(/usr/local/texlive/2013/texmf-dist/tex/latex/amsmath/amsbsy.sty
Package: amsbsy 1999/11/29 v1.2d
\pmbraise@=\dimen112
)
(/usr/local/texlive/2013/texmf-dist/tex/latex/amsmath/amsopn.sty
Package: amsopn 1999/12/14 v2.01 operator names
)
\inf@bad=\count93
LaTeX Info: Redefining \frac on input line 210.
\uproot@=\count94
\leftroot@=\count95
LaTeX Info: Redefining \overline on input line 306.
\classnum@=\count96
\DOTSCASE@=\count97
LaTeX Info: Redefining \ldots on input line 378.
LaTeX Info: Redefining \dots on input line 381.
LaTeX Info: Redefining \cdots on input line 466.
\Mathstrutbox@=\box28
\strutbox@=\box29
\big@size=\dimen113
LaTeX Font Info:    Redeclaring font encoding OML on input line 566.
LaTeX Font Info:    Redeclaring font encoding OMS on input line 567.
\macc@depth=\count98
\c@MaxMatrixCols=\count99
\dotsspace@=\muskip10
\c@parentequation=\count100
\dspbrk@lvl=\count101
\tag@help=\toks21
\row@=\count102
\column@=\count103
\maxfields@=\count104
\andhelp@=\toks22
\eqnshift@=\dimen114
\alignsep@=\dimen115
\tagshift@=\dimen116
\tagwidth@=\dimen117
\totwidth@=\dimen118
\lineht@=\dimen119
\@envbody=\toks23
\multlinegap=\skip44
\multlinetaggap=\skip45
\mathdisplay@stack=\toks24
LaTeX Info: Redefining \[ on input line 2665.
LaTeX Info: Redefining \] on input line 2666.
)
(/usr/local/texlive/2013/texmf-dist/tex/latex/listings/listings.sty
\lst@mode=\count105
\lst@gtempboxa=\box30
\lst@token=\toks25
\lst@length=\count106
\lst@currlwidth=\dimen120
\lst@column=\count107
\lst@pos=\count108
\lst@lostspace=\dimen121
\lst@width=\dimen122
\lst@newlines=\count109
\lst@lineno=\count110
\lst@maxwidth=\dimen123

(/usr/local/texlive/2013/texmf-dist/tex/latex/listings/lstmisc.sty
File: lstmisc.sty 2007/02/22 1.4 (Carsten Heinz)
\c@lstnumber=\count111
\lst@skipnumbers=\count112
\lst@framebox=\box31
)
(/usr/local/texlive/2013/texmf-dist/tex/latex/listings/listings.cfg
File: listings.cfg 2007/02/22 1.4 listings configuration
))
Package: listings 2007/02/22 1.4 (Carsten Heinz)

(/usr/local/texlive/2013/texmf-dist/tex/latex/graphics/graphicx.sty
Package: graphicx 1999/02/16 v1.0f Enhanced LaTeX Graphics (DPC,SPQR)

(/usr/local/texlive/2013/texmf-dist/tex/latex/graphics/graphics.sty
Package: graphics 2009/02/05 v1.0o Standard LaTeX Graphics (DPC,SPQR)

(/usr/local/texlive/2013/texmf-dist/tex/latex/graphics/trig.sty
Package: trig 1999/03/16 v1.09 sin cos tan (DPC)
)
(/usr/local/texlive/2013/texmf-dist/tex/latex/latexconfig/graphics.cfg
File: graphics.cfg 2010/04/23 v1.9 graphics configuration of TeX Live
)
Package graphics Info: Driver file: pdftex.def on input line 91.
)
\Gin@req@height=\dimen124
\Gin@req@width=\dimen125
)
(/usr/local/texlive/2013/texmf-dist/tex/latex/caption/caption.sty
Package: caption 2013/05/02 v3.3-89 Customizing captions (AR)

(/usr/local/texlive/2013/texmf-dist/tex/latex/caption/caption3.sty
Package: caption3 2013/05/02 v1.6-88 caption3 kernel (AR)
Package caption3 Info: TeX engine: e-TeX on input line 57.
\captionmargin=\dimen126
\captionmargin@=\dimen127
\captionwidth=\dimen128
\caption@tempdima=\dimen129
\caption@indent=\dimen130
\caption@parindent=\dimen131
\caption@hangindent=\dimen132
)
\c@ContinuedFloat=\count113
Package caption Info: float package is loaded.
Package caption Info: listings package is loaded.
)
(/usr/local/texlive/2013/texmf-dist/tex/latex/caption/subcaption.sty
Package: subcaption 2013/02/03 v1.1-62 Sub-captions (AR)
\c@subfigure=\count114
\c@subtable=\count115
)
(/usr/local/texlive/2013/texmf-dist/tex/latex/eso-pic/eso-pic.sty
Package: eso-pic 2010/10/06 v2.0c eso-pic (RN)

(/usr/local/texlive/2013/texmf-dist/tex/generic/oberdiek/atbegshi.sty
Package: atbegshi 2011/10/05 v1.16 At begin shipout hook (HO)
))
(/usr/local/texlive/2013/texmf-dist/tex/latex/fancyhdr/fancyhdr.sty
\fancy@headwidth=\skip46
\f@ncyO@elh=\skip47
\f@ncyO@erh=\skip48
\f@ncyO@olh=\skip49
\f@ncyO@orh=\skip50
\f@ncyO@elf=\skip51
\f@ncyO@erf=\skip52
\f@ncyO@olf=\skip53
\f@ncyO@orf=\skip54
)
(/usr/local/texlive/2013/texmf-dist/tex/latex/pdfpages/pdfpages.sty
Package: pdfpages 2012/08/31 v0.4t Insert pages of external PDF documents (AM)

(/usr/local/texlive/2013/texmf-dist/tex/latex/base/ifthen.sty
Package: ifthen 2001/05/26 v1.1c Standard LaTeX ifthen package (DPC)
)
(/usr/local/texlive/2013/texmf-dist/tex/latex/tools/calc.sty
Package: calc 2007/08/22 v4.3 Infix arithmetic (KKT,FJ)
\calc@Acount=\count116
\calc@Bcount=\count117
\calc@Adimen=\dimen133
\calc@Bdimen=\dimen134
\calc@Askip=\skip55
\calc@Bskip=\skip56
LaTeX Info: Redefining \setlength on input line 76.
LaTeX Info: Redefining \addtolength on input line 77.
\calc@Ccount=\count118
\calc@Cskip=\skip57
)
(/usr/local/texlive/2013/texmf-dist/tex/latex/pdfpages/pppdftex.def
File: pppdftex.def 2012/08/31 v0.4t Pdfpages driver for pdfTeX (AM)
)
\AM@pagebox=\box32
\AM@toc@title=\toks26
\c@AM@survey=\count119
\AM@templatesizebox=\box33
)
(/usr/local/texlive/2013/texmf-dist/tex/latex/hyperref/hyperref.sty
Package: hyperref 2012/11/06 v6.83m Hypertext links for LaTeX

(/usr/local/texlive/2013/texmf-dist/tex/generic/oberdiek/hobsub-hyperref.sty
Package: hobsub-hyperref 2012/05/28 v1.13 Bundle oberdiek, subset hyperref (HO)


(/usr/local/texlive/2013/texmf-dist/tex/generic/oberdiek/hobsub-generic.sty
Package: hobsub-generic 2012/05/28 v1.13 Bundle oberdiek, subset generic (HO)
Package: hobsub 2012/05/28 v1.13 Construct package bundles (HO)
Package hobsub Info: Skipping package `infwarerr' (already loaded).
Package hobsub Info: Skipping package `ltxcmds' (already loaded).
Package: ifluatex 2010/03/01 v1.3 Provides the ifluatex switch (HO)
Package ifluatex Info: LuaTeX not detected.
Package hobsub Info: Skipping package `ifvtex' (already loaded).
Package: intcalc 2007/09/27 v1.1 Expandable calculations with integers (HO)
Package hobsub Info: Skipping package `ifpdf' (already loaded).
Package: etexcmds 2011/02/16 v1.5 Avoid name clashes with e-TeX commands (HO)
Package etexcmds Info: Could not find \expanded.
(etexcmds)             That can mean that you are not using pdfTeX 1.50 or
(etexcmds)             that some package has redefined \expanded.
(etexcmds)             In the latter case, load this package earlier.
Package: kvsetkeys 2012/04/25 v1.16 Key value parser (HO)
Package: kvdefinekeys 2011/04/07 v1.3 Define keys (HO)
Package: pdftexcmds 2011/11/29 v0.20 Utility functions of pdfTeX for LuaTeX (HO
)
Package pdftexcmds Info: LuaTeX not detected.
Package pdftexcmds Info: \pdf@primitive is available.
Package pdftexcmds Info: \pdf@ifprimitive is available.
Package pdftexcmds Info: \pdfdraftmode found.
Package: pdfescape 2011/11/25 v1.13 Implements pdfTeX's escape features (HO)
Package: bigintcalc 2012/04/08 v1.3 Expandable calculations on big integers (HO
)
Package: bitset 2011/01/30 v1.1 Handle bit-vector datatype (HO)
Package: uniquecounter 2011/01/30 v1.2 Provide unlimited unique counter (HO)
)
Package hobsub Info: Skipping package `hobsub' (already loaded).
Package: letltxmacro 2010/09/02 v1.4 Let assignment for LaTeX macros (HO)
Package: hopatch 2012/05/28 v1.2 Wrapper for package hooks (HO)
Package: xcolor-patch 2011/01/30 xcolor patch
Package: atveryend 2011/06/30 v1.8 Hooks at the very end of document (HO)
Package atveryend Info: \enddocument detected (standard20110627).
Package hobsub Info: Skipping package `atbegshi' (already loaded).
Package: refcount 2011/10/16 v3.4 Data extraction from label references (HO)
Package: hycolor 2011/01/30 v1.7 Color options for hyperref/bookmark (HO)
)
(/usr/local/texlive/2013/texmf-dist/tex/latex/oberdiek/auxhook.sty
Package: auxhook 2011/03/04 v1.3 Hooks for auxiliary files (HO)
)
(/usr/local/texlive/2013/texmf-dist/tex/latex/oberdiek/kvoptions.sty
Package: kvoptions 2011/06/30 v3.11 Key value format for package options (HO)
)
\@linkdim=\dimen135
\Hy@linkcounter=\count120
\Hy@pagecounter=\count121

(/usr/local/texlive/2013/texmf-dist/tex/latex/hyperref/pd1enc.def
File: pd1enc.def 2012/11/06 v6.83m Hyperref: PDFDocEncoding definition (HO)
Now handling font encoding PD1 ...
... no UTF-8 mapping file for font encoding PD1
)
\Hy@SavedSpaceFactor=\count122

(/usr/local/texlive/2013/texmf-dist/tex/latex/latexconfig/hyperref.cfg
File: hyperref.cfg 2002/06/06 v1.2 hyperref configuration of TeXLive
)
Package hyperref Info: Hyper figures OFF on input line 4443.
Package hyperref Info: Link nesting OFF on input line 4448.
Package hyperref Info: Hyper index ON on input line 4451.
Package hyperref Info: Plain pages OFF on input line 4458.
Package hyperref Info: Backreferencing OFF on input line 4463.
Package hyperref Info: Implicit mode ON; LaTeX internals redefined.
Package hyperref Info: Bookmarks ON on input line 4688.
\c@Hy@tempcnt=\count123

(/usr/local/texlive/2013/texmf-dist/tex/latex/url/url.sty
\Urlmuskip=\muskip11
Package: url 2006/04/12  ver 3.3  Verb mode for urls, etc.
)
LaTeX Info: Redefining \url on input line 5041.
\XeTeXLinkMargin=\dimen136
\Fld@menulength=\count124
\Field@Width=\dimen137
\Fld@charsize=\dimen138
Package hyperref Info: Hyper figures OFF on input line 6295.
Package hyperref Info: Link nesting OFF on input line 6300.
Package hyperref Info: Hyper index ON on input line 6303.
Package hyperref Info: backreferencing OFF on input line 6310.
Package hyperref Info: Link coloring OFF on input line 6315.
Package hyperref Info: Link coloring with OCG OFF on input line 6320.
Package hyperref Info: PDF/A mode OFF on input line 6325.
LaTeX Info: Redefining \ref on input line 6365.
LaTeX Info: Redefining \pageref on input line 6369.
\Hy@abspage=\count125
\c@Item=\count126
\c@Hfootnote=\count127
)

Package hyperref Message: Driver (autodetected): hpdftex.

(/usr/local/texlive/2013/texmf-dist/tex/latex/hyperref/hpdftex.def
File: hpdftex.def 2012/11/06 v6.83m Hyperref driver for pdfTeX
\Fld@listcount=\count128
\c@bookmark@seq@number=\count129

(/usr/local/texlive/2013/texmf-dist/tex/latex/oberdiek/rerunfilecheck.sty
Package: rerunfilecheck 2011/04/15 v1.7 Rerun checks for auxiliary files (HO)
Package uniquecounter Info: New unique counter `rerunfilecheck' on input line 2
82.
)
\Hy@SectionHShift=\skip58
)
(/usr/local/texlive/2013/texmf-dist/tex/latex/listings/lstlang1.sty
File: lstlang1.sty 2004/09/05 1.3 listings language file
)
(/usr/local/texlive/2013/texmf-dist/tex/latex/listings/lstlang1.sty
File: lstlang1.sty 2004/09/05 1.3 listings language file
)
(/usr/local/texlive/2013/texmf-dist/tex/latex/listings/lstmisc.sty
File: lstmisc.sty 2007/02/22 1.4 (Carsten Heinz)
)
(./FatFingerReport.aux)
\openout1 = `FatFingerReport.aux'.

LaTeX Font Info:    Checking defaults for OML/cmm/m/it on input line 83.
LaTeX Font Info:    ... okay on input line 83.
LaTeX Font Info:    Checking defaults for T1/cmr/m/n on input line 83.
LaTeX Font Info:    ... okay on input line 83.
LaTeX Font Info:    Checking defaults for OT1/cmr/m/n on input line 83.
LaTeX Font Info:    ... okay on input line 83.
LaTeX Font Info:    Checking defaults for OMS/cmsy/m/n on input line 83.
LaTeX Font Info:    ... okay on input line 83.
LaTeX Font Info:    Checking defaults for OMX/cmex/m/n on input line 83.
LaTeX Font Info:    ... okay on input line 83.
LaTeX Font Info:    Checking defaults for U/cmr/m/n on input line 83.
LaTeX Font Info:    ... okay on input line 83.
LaTeX Font Info:    Checking defaults for PD1/pdf/m/n on input line 83.
LaTeX Font Info:    ... okay on input line 83.

*geometry* driver: auto-detecting
*geometry* detected driver: pdftex
*geometry* verbose mode - [ preamble ] result:
* driver: pdftex
* paper: a4paper
* layout: <same size as paper>
* layoutoffset:(h,v)=(0.0pt,0.0pt)
* bindingoffset: 17.07164pt
* modes: twoside 
* h-part:(L,W,R)=(84.22015pt, 369.88582pt, 126.33026pt)
* v-part:(T,H,B)=(93.89409pt, 657.25867pt, 93.89409pt)
* \paperwidth=597.50787pt
* \paperheight=845.04684pt
* \textwidth=369.88582pt
* \textheight=657.25867pt
* \oddsidemargin=29.0218pt
* \evensidemargin=54.06027pt
* \topmargin=-15.3759pt
* \headheight=12.0pt
* \headsep=25.0pt
* \topskip=10.0pt
* \footskip=30.0pt
* \marginparwidth=121.0pt
* \marginparsep=11.0pt
* \columnsep=10.0pt
* \skip\footins=9.0pt plus 4.0pt minus 2.0pt
* \hoffset=0.0pt
* \voffset=0.0pt
* \mag=1000
* \@twocolumnfalse
* \@twosidetrue
* \@mparswitchtrue
* \@reversemarginfalse
* (1in=72.27pt=25.4mm, 1cm=28.453pt)

(/usr/local/texlive/2013/texmf-dist/tex/context/base/supp-pdf.mkii
[Loading MPS to PDF converter (version 2006.09.02).]
\scratchcounter=\count130
\scratchdimen=\dimen139
\scratchbox=\box34
\nofMPsegments=\count131
\nofMParguments=\count132
\everyMPshowfont=\toks27
\MPscratchCnt=\count133
\MPscratchDim=\dimen140
\MPnumerator=\count134
\makeMPintoPDFobject=\count135
\everyMPtoPDFconversion=\toks28
)
\c@lstlisting=\count136
 (/usr/local/texlive/2013/texmf-dist/tex/latex/oberdiek/epstopdf-base.sty
Package: epstopdf-base 2010/02/09 v2.5 Base part for package epstopdf

(/usr/local/texlive/2013/texmf-dist/tex/latex/oberdiek/grfext.sty
Package: grfext 2010/08/19 v1.1 Manage graphics extensions (HO)
)
Package grfext Info: Graphics extension search list:
(grfext)             [.png,.pdf,.jpg,.mps,.jpeg,.jbig2,.jb2,.PNG,.PDF,.JPG,.JPE
G,.JBIG2,.JB2,.eps]
(grfext)             \AppendGraphicsExtensions on input line 452.

(/usr/local/texlive/2013/texmf-dist/tex/latex/latexconfig/epstopdf-sys.cfg
File: epstopdf-sys.cfg 2010/07/13 v1.3 Configuration of (r)epstopdf for TeX Liv
e
))
Package caption Info: Begin \AtBeginDocument code.
Package caption Info: hyperref package is loaded.
Package caption Info: End \AtBeginDocument code.
\AtBeginShipoutBox=\box35
Package hyperref Info: Link coloring OFF on input line 83.

(/usr/local/texlive/2013/texmf-dist/tex/latex/hyperref/nameref.sty
Package: nameref 2012/10/27 v2.43 Cross-referencing by name of section

(/usr/local/texlive/2013/texmf-dist/tex/generic/oberdiek/gettitlestring.sty
Package: gettitlestring 2010/12/03 v1.4 Cleanup title references (HO)
)
\c@section@level=\count137
)
LaTeX Info: Redefining \ref on input line 83.
LaTeX Info: Redefining \pageref on input line 83.
LaTeX Info: Redefining \nameref on input line 83.

(./FatFingerReport.out) (./FatFingerReport.out)
\@outlinefile=\write3
\openout3 = `FatFingerReport.out'.


<frontback/nat-farve.pdf, id=196, 597.23125pt x 845.1575pt>
File: frontback/nat-farve.pdf Graphic file (type pdf)

<use frontback/nat-farve.pdf>
Package pdftex.def Info: frontback/nat-farve.pdf used on input line 90.
(pdftex.def)             Requested size: 702.625pt x 602.25pt.
File: frontback/nat-farve.pdf Graphic file (type pdf)
 <use frontback/nat-farve.pdf>
Package pdftex.def Info: frontback/nat-farve.pdf used on input line 90.
(pdftex.def)             Requested size: 702.625pt x 1003.75pt.
 [1

{/usr/local/texlive/2013/texmf-var/fonts/map/pdftex/updmap/pdftex.map} <./front
back/nat-farve.pdf>] [2

] [3

] [4

] [5

] [6

] [7

] [8

] (./FatFingerReport.toc [9

]
Underfull \vbox (badness 1454) has occurred while \output is active []

 [10])
\tf@toc=\write4
\openout4 = `FatFingerReport.toc'.


[11] [12

] (./FatFingerReport.lof)
\tf@lof=\write5
\openout5 = `FatFingerReport.lof'.


Underfull \vbox (badness 10000) has occurred while \output is active []

 [13

]
[14] (./FatFingerReport.lot)
\tf@lot=\write6
\openout6 = `FatFingerReport.lot'.

 [15


] [16

]
Chapter 1.
(./chapters/chapter01.tex
Underfull \vbox (badness 10000) has occurred while \output is active []

 [17

]
Overfull \hbox (0.66124pt too wide) in paragraph at lines 38--40
\OT1/cmr/m/n/10 mas-sive adop-tion. Smart-phones can be thought as aug-mented f
ea-tured nor-mal phones.
 []

[18]
Underfull \vbox (badness 1681) has occurred while \output is active []

 [19]
LaTeX Font Info:    Try loading font information for OMS+cmr on input line 82.

(/usr/local/texlive/2013/texmf-dist/tex/latex/base/omscmr.fd
File: omscmr.fd 1999/05/25 v2.5h Standard LaTeX font definitions
)
LaTeX Font Info:    Font shape `OMS/cmr/m/n' in size <10> not available
(Font)              Font shape `OMS/cmsy/m/n' tried instead on input line 82.
 [20]) [21]
[22

]
Chapter 2.
(./chapters/chapter02.tex
Underfull \vbox (badness 10000) has occurred while \output is active []

 [23

]
[24]
Underfull \vbox (badness 10000) has occurred while \output is active []

 [25]
Overfull \hbox (10.06383pt too wide) in paragraph at lines 59--59
[]\OT1/cmr/bx/n/14.4 Contact Shapes and Sim-u-lated Pres-sure as source
 []

[26] [27]) [28]
Chapter 3.
(./chapters/chapter03.tex [29


] [30]
Overfull \hbox (0.42647pt too wide) in paragraph at lines 64--65
[]\OT1/cmr/bx/it/10 Q3: In which re-gion is our fin-ger more ca-pa-ble to op-er
-ate on? Smaller
 []

[31] [32]) [33] [34

]
Chapter 4.
(./chapters/chapter04.tex [35

]
LaTeX Font Info:    Font shape `OT1/cmtt/bx/n' in size <8> not available
(Font)              Font shape `OT1/cmtt/m/n' tried instead on input line 65.
 [36] [37]
<figures/FFBasicFlow.png, id=599, 1173.38374pt x 394.47375pt>
File: figures/FFBasicFlow.png Graphic file (type png)

<use figures/FFBasicFlow.png>
Package pdftex.def Info: figures/FFBasicFlow.png used on input line 102.
(pdftex.def)             Requested size: 369.88582pt x 124.35017pt.

<figures/FFBasicTrialInterface.png, id=601, 770.88pt x 955.57pt>
File: figures/FFBasicTrialInterface.png Graphic file (type png)

<use figures/FFBasicTrialInterface.png>
Package pdftex.def Info: figures/FFBasicTrialInterface.png used on input line 1
23.
(pdftex.def)             Requested size: 231.26578pt x 286.67322pt.

Underfull \vbox (badness 10000) has occurred while \output is active []

 [38 <./figures/FFBasicFlow.png>]
<figures/FFPartlyFilled.png, id=611, 770.88pt x 955.57pt>
File: figures/FFPartlyFilled.png Graphic file (type png)

<use figures/FFPartlyFilled.png>
Package pdftex.def Info: figures/FFPartlyFilled.png used on input line 150.
(pdftex.def)             Requested size: 231.26578pt x 286.67322pt.
 [39 <./figures/FFBasicTrialInterface.png>]
[40 <./figures/FFPartlyFilled.png>] [41]
<figures/FD.png, id=639, 1541.76pt x 2055.68pt>
File: figures/FD.png Graphic file (type png)
 <use figures/FD.png>
Package pdftex.def Info: figures/FD.png used on input line 242.
(pdftex.def)             Requested size: 107.93422pt x 143.9123pt.

Underfull \vbox (badness 10000) has occurred while \output is active []

 [42]
<figures/FND.png, id=646, 1541.76pt x 2055.68pt>
File: figures/FND.png Graphic file (type png)
 <use figures/FND.png>
Package pdftex.def Info: figures/FND.png used on input line 258.
(pdftex.def)             Requested size: 107.93422pt x 143.9123pt.
 [43 <./figures/FD.png> <./figures/FND.png>]
<figures/NFD.png, id=658, 1541.76pt x 2055.68pt>
File: figures/NFD.png Graphic file (type png)
 <use figures/NFD.png>
Package pdftex.def Info: figures/NFD.png used on input line 274.
(pdftex.def)             Requested size: 110.96687pt x 147.92729pt.

<figures/NFDConfirm.png, id=659, 1541.76pt x 2055.68pt>
File: figures/NFDConfirm.png Graphic file (type png)

<use figures/NFDConfirm.png>
Package pdftex.def Info: figures/NFDConfirm.png used on input line 281.
(pdftex.def)             Requested size: 110.96687pt x 147.92729pt.
 <figures/NFND.png, id=660, 1541.76pt x 2055.68pt>
File: figures/NFND.png Graphic file (type png)

<use figures/NFND.png>
Package pdftex.def Info: figures/NFND.png used on input line 296.
(pdftex.def)             Requested size: 107.93422pt x 143.9123pt.
 [44 <./figures/NFD.png> <./figures/NFDConfirm.png> <./figures/NFND.png>] <figu
res/repetition.png, id=674, 846.16125pt x 993.7125pt>
File: figures/repetition.png Graphic file (type png)

<use figures/repetition.png>
Package pdftex.def Info: figures/repetition.png used on input line 333.
(pdftex.def)             Requested size: 221.93375pt x 260.63358pt.

Underfull \vbox (badness 10000) has occurred while \output is active []

 [45]
<figures/ffRepetitions.png, id=680, 992.70876pt x 544.0325pt>
File: figures/ffRepetitions.png Graphic file (type png)

<use figures/ffRepetitions.png>
Package pdftex.def Info: figures/ffRepetitions.png used on input line 351.
(pdftex.def)             Requested size: 221.93375pt x 121.6217pt.

Underfull \vbox (badness 10000) has occurred while \output is active []

 [46 <./figures/repetition.png>]
Underfull \vbox (badness 5924) has occurred while \output is active []

 [47 <./figures/ffRepetitions.png>] [48] [49]
Overfull \hbox (23.24731pt too wide) in paragraph at lines 490--497
 [][] 
 []

[50]) [51] [52

]
Chapter 5.
(./chapters/chapter05.tex [53

] [54] [55]
<figures/ffmin.jpg, id=739, 2018.54124pt x 1231.60126pt>
File: figures/ffmin.jpg Graphic file (type jpg)

<use figures/ffmin.jpg>
Package pdftex.def Info: figures/ffmin.jpg used on input line 113.
(pdftex.def)             Requested size: 147.95206pt x 90.26132pt.
 <figures/ffmax.jpg, id=740, 2268.475pt x 1302.8675pt>
File: figures/ffmax.jpg Graphic file (type jpg)

<use figures/ffmax.jpg>
Package pdftex.def Info: figures/ffmax.jpg used on input line 120.
(pdftex.def)             Requested size: 147.95206pt x 84.96768pt.
 [56 <./figures/ffmin.jpg> <./figures/ffmax.jpg>]
<figures/participantAge.png, id=749, 1068.99374pt x 846.16125pt>
File: figures/participantAge.png Graphic file (type png)

<use figures/participantAge.png>
Package pdftex.def Info: figures/participantAge.png used on input line 195.
(pdftex.def)             Requested size: 320.70059pt x 253.85033pt.
 [57]
<figures/participantGender.png, id=755, 972.63374pt x 562.1pt>
File: figures/participantGender.png Graphic file (type png)

<use figures/participantGender.png>
Package pdftex.def Info: figures/participantGender.png used on input line 204.
(pdftex.def)             Requested size: 291.79237pt x 168.6313pt.
 [58 <./figures/participantAge.png> <./figures/participantGender.png>]
<figures/experienceTouch.png, id=765, 1194.4625pt x 662.475pt>
File: figures/experienceTouch.png Graphic file (type png)

<use figures/experienceTouch.png>
Package pdftex.def Info: figures/experienceTouch.png used on input line 215.
(pdftex.def)             Requested size: 358.3415pt x 198.74403pt.

<figures/experienceTablet.png, id=766, 1187.43625pt x 647.41875pt>
File: figures/experienceTablet.png Graphic file (type png)

<use figures/experienceTablet.png>
Package pdftex.def Info: figures/experienceTablet.png used on input line 222.
(pdftex.def)             Requested size: 356.23363pt x 194.22711pt.
 [59 <./figures/experienceTouch.png> <./figures/experienceTablet.png>]) [60]
Chapter 6.
(./chapters/chapter06.tex [61


]
<figures/meanTotalTime.jpeg, id=786, 833.1125pt x 526.96875pt>
File: figures/meanTotalTime.jpeg Graphic file (type jpg)

<use figures/meanTotalTime.jpeg>
Package pdftex.def Info: figures/meanTotalTime.jpeg used on input line 34.
(pdftex.def)             Requested size: 369.88582pt x 233.96562pt.

Underfull \vbox (badness 10000) has occurred while \output is active []

 [62 <./figures/meanTotalTime.jpeg>]
LaTeX Font Info:    Font shape `OMS/cmr/m/it' in size <10> not available
(Font)              Font shape `OMS/cmsy/m/n' tried instead on input line 74.
 [63] [64]
<figures/meanOffset.jpeg, id=802, 839.135pt x 644.4075pt>
File: figures/meanOffset.jpeg Graphic file (type jpg)

<use figures/meanOffset.jpeg>
Package pdftex.def Info: figures/meanOffset.jpeg used on input line 126.
(pdftex.def)             Requested size: 369.88582pt x 284.05148pt.
 [65 <./figures/meanOffset.jpeg>]
<figures/learningCurveTotal.jpeg, id=813, 628.3475pt x 502.87875pt>
File: figures/learningCurveTotal.jpeg Graphic file (type jpg)

<use figures/learningCurveTotal.jpeg>
Package pdftex.def Info: figures/learningCurveTotal.jpeg used on input line 211
.
(pdftex.def)             Requested size: 166.44748pt x 133.20851pt.

<figures/learningCurve.jpeg, id=814, 635.37375pt x 541.02126pt>
File: figures/learningCurve.jpeg Graphic file (type jpg)

<use figures/learningCurve.jpeg>
Package pdftex.def Info: figures/learningCurve.jpeg used on input line 218.
(pdftex.def)             Requested size: 166.44748pt x 141.72714pt.
 [66] [67 <./figures/learningCurveTotal.jpeg> <./figures/learningCurve.jpeg>]
<figures/learningCurveOffset.jpeg, id=830, 759.83875pt x 617.30624pt>
File: figures/learningCurveOffset.jpeg Graphic file (type jpg)

<use figures/learningCurveOffset.jpeg>
Package pdftex.def Info: figures/learningCurveOffset.jpeg used on input line 27
8.
(pdftex.def)             Requested size: 369.88582pt x 300.50464pt.

Underfull \vbox (badness 1742) has occurred while \output is active []

 [68 <./figures/learningCurveOffset.jpeg>]
<figures/meanReentries.jpeg, id=841, 821.0675pt x 626.34pt>
File: figures/meanReentries.jpeg Graphic file (type jpg)

<use figures/meanReentries.jpeg>
Package pdftex.def Info: figures/meanReentries.jpeg used on input line 333.
(pdftex.def)             Requested size: 328.42119pt x 250.53156pt.

Underfull \vbox (badness 10000) has occurred while \output is active []

 [69]
[70 <./figures/meanReentries.jpeg>]
<figures/meanRetouches.jpeg, id=853, 659.46375pt x 515.9275pt>
File: figures/meanRetouches.jpeg Graphic file (type jpg)

<use figures/meanRetouches.jpeg>
Package pdftex.def Info: figures/meanRetouches.jpeg used on input line 361.
(pdftex.def)             Requested size: 263.78082pt x 206.36734pt.

<figures/meanSmoothness.png, id=856, 561.09625pt x 407.5225pt>
File: figures/meanSmoothness.png Graphic file (type png)

<use figures/meanSmoothness.png>
Package pdftex.def Info: figures/meanSmoothness.png used on input line 383.
(pdftex.def)             Requested size: 147.95206pt x 107.45195pt.

<figures/meanSpeed.png, id=857, 561.09625pt x 373.395pt>
File: figures/meanSpeed.png Graphic file (type png)

<use figures/meanSpeed.png>
Package pdftex.def Info: figures/meanSpeed.png used on input line 390.
(pdftex.def)             Requested size: 147.95206pt x 98.4535pt.

<figures/meanFFatigue.png, id=858, 561.09625pt x 366.36874pt>
File: figures/meanFFatigue.png Graphic file (type png)

<use figures/meanFFatigue.png>
Package pdftex.def Info: figures/meanFFatigue.png used on input line 397.
(pdftex.def)             Requested size: 147.95206pt x 96.60089pt.

<figures/meanWFatigue.png, id=859, 561.09625pt x 351.3125pt>
File: figures/meanWFatigue.png Graphic file (type png)

<use figures/meanWFatigue.png>
Package pdftex.def Info: figures/meanWFatigue.png used on input line 404.
(pdftex.def)             Requested size: 147.95206pt x 92.63098pt.

<figures/meanGComfort.png, id=860, 561.09625pt x 333.245pt>
File: figures/meanGComfort.png Graphic file (type png)

<use figures/meanGComfort.png>
Package pdftex.def Info: figures/meanGComfort.png used on input line 411.
(pdftex.def)             Requested size: 147.95206pt x 87.86711pt.

<figures/meanOverall.png, id=861, 561.09625pt x 332.24126pt>
File: figures/meanOverall.png Graphic file (type png)

<use figures/meanOverall.png>
Package pdftex.def Info: figures/meanOverall.png used on input line 418.
(pdftex.def)             Requested size: 147.95206pt x 87.60245pt.

Underfull \vbox (badness 10000) has occurred while \output is active []

 [71 <./figures/meanRetouches.jpeg>]
Underfull \vbox (badness 7704) has occurred while \output is active []

 [72 <./figures/meanSmoothness.png> <./figures/meanSpeed.png> <./figures/meanFF
atigue.png> <./figures/meanWFatigue.png> <./figures/meanGComfort.png> <./figure
s/meanOverall.png>]) [73] [74

]
Chapter 7.
(./chapters/chapter07.tex [75

] [76] [77]) [78]
Chapter 8.
(./chapters/chapter08.tex
Underfull \vbox (badness 10000) has occurred while \output is active []

 [79


])
[80] (./bibliography/BiblioGraphy.tex (./FatFingerReport.bbl [81


] [82]
Underfull \hbox (badness 3735) in paragraph at lines 143--145
[]\OT1/cmr/m/n/10 Swift Pro-gram-ming Lan-guage.  []$\OT1/cmtt/m/n/10 http : / 
/ en . wikipedia . org / wiki / Swift _
 []

[83])) [84] (./appendix/appendix.tex
Appendix A.
[85


]
<appendix/InstructionsFatFinger.pdf, id=977, page=1, 614.295pt x 794.97pt>
File: appendix/InstructionsFatFinger.pdf Graphic file (type pdf)

<use appendix/InstructionsFatFinger.pdf, page 1>
Package pdftex.def Info: appendix/InstructionsFatFinger.pdf, page1 used on inpu
t line 3.
(pdftex.def)             Requested size: 369.88582pt x 478.68391pt.
File: appendix/InstructionsFatFinger.pdf Graphic file (type pdf)

<use appendix/InstructionsFatFinger.pdf, page 1>
Package pdftex.def Info: appendix/InstructionsFatFinger.pdf, page1 used on inpu
t line 3.
(pdftex.def)             Requested size: 994.69315pt x 1287.24998pt.
File: appendix/InstructionsFatFinger.pdf Graphic file (type pdf)

<use appendix/InstructionsFatFinger.pdf, page 1>
Package pdftex.def Info: appendix/InstructionsFatFinger.pdf, page1 used on inpu
t line 3.
(pdftex.def)             Requested size: 994.69315pt x 1287.24998pt.
File: appendix/InstructionsFatFinger.pdf Graphic file (type pdf)

<use appendix/InstructionsFatFinger.pdf, page 1>
Package pdftex.def Info: appendix/InstructionsFatFinger.pdf, page1 used on inpu
t line 3.
(pdftex.def)             Requested size: 994.69315pt x 1287.24998pt.
File: appendix/InstructionsFatFinger.pdf Graphic file (type pdf)

<use appendix/InstructionsFatFinger.pdf, page 1>
Package pdftex.def Info: appendix/InstructionsFatFinger.pdf, page1 used on inpu
t line 3.
(pdftex.def)             Requested size: 994.69315pt x 1287.24998pt.
 [86 <./appendix/InstructionsFatFinger.pdf>]
<appendix/InstructionsFatFinger.pdf, id=1008, page=2, 614.295pt x 794.97pt>
File: appendix/InstructionsFatFinger.pdf Graphic file (type pdf)

<use appendix/InstructionsFatFinger.pdf, page 2>
Package pdftex.def Info: appendix/InstructionsFatFinger.pdf, page2 used on inpu
t line 3.
(pdftex.def)             Requested size: 994.69315pt x 1287.24998pt.
File: appendix/InstructionsFatFinger.pdf Graphic file (type pdf)

<use appendix/InstructionsFatFinger.pdf, page 2>
Package pdftex.def Info: appendix/InstructionsFatFinger.pdf, page2 used on inpu
t line 3.
(pdftex.def)             Requested size: 994.69315pt x 1287.24998pt.
File: appendix/InstructionsFatFinger.pdf Graphic file (type pdf)

<use appendix/InstructionsFatFinger.pdf, page 2>
Package pdftex.def Info: appendix/InstructionsFatFinger.pdf, page2 used on inpu
t line 3.
(pdftex.def)             Requested size: 994.69315pt x 1287.24998pt.
 [87 <./appendix/InstructionsFatFinger.pdf>]
Appendix B.
[88

]
<appendix/DemographicFatFinger.pdf, id=1052, page=1, 597.50786pt x 845.04686pt>
File: appendix/DemographicFatFinger.pdf Graphic file (type pdf)
<use appendix/DemographicFatFinger.pdf, page 1>
Package pdftex.def Info: appendix/DemographicFatFinger.pdf, page1 used on input
 line 8.
(pdftex.def)             Requested size: 369.88582pt x 523.12419pt.
File: appendix/DemographicFatFinger.pdf Graphic file (type pdf)

<use appendix/DemographicFatFinger.pdf, page 1>
Package pdftex.def Info: appendix/DemographicFatFinger.pdf, page1 used on input
 line 8.
(pdftex.def)             Requested size: 965.42285pt x 1365.3838pt.
File: appendix/DemographicFatFinger.pdf Graphic file (type pdf)

<use appendix/DemographicFatFinger.pdf, page 1>
Package pdftex.def Info: appendix/DemographicFatFinger.pdf, page1 used on input
 line 8.
(pdftex.def)             Requested size: 965.42285pt x 1365.3838pt.
File: appendix/DemographicFatFinger.pdf Graphic file (type pdf)

<use appendix/DemographicFatFinger.pdf, page 1>
Package pdftex.def Info: appendix/DemographicFatFinger.pdf, page1 used on input
 line 8.
(pdftex.def)             Requested size: 965.42285pt x 1365.3838pt.
File: appendix/DemographicFatFinger.pdf Graphic file (type pdf)

<use appendix/DemographicFatFinger.pdf, page 1>
Package pdftex.def Info: appendix/DemographicFatFinger.pdf, page1 used on input
 line 8.
(pdftex.def)             Requested size: 965.42285pt x 1365.3838pt.
 [89 <./appendix/DemographicFatFinger.pdf>]
Appendix C.
[90

]
<appendix/AssessmentFatFinger.pdf, id=1109, page=1, 597.50786pt x 845.04686pt>
File: appendix/AssessmentFatFinger.pdf Graphic file (type pdf)

<use appendix/AssessmentFatFinger.pdf, page 1>
Package pdftex.def Info: appendix/AssessmentFatFinger.pdf, page1 used on input 
line 13.
(pdftex.def)             Requested size: 369.88582pt x 523.12419pt.
File: appendix/AssessmentFatFinger.pdf Graphic file (type pdf)

<use appendix/AssessmentFatFinger.pdf, page 1>
Package pdftex.def Info: appendix/AssessmentFatFinger.pdf, page1 used on input 
line 13.
(pdftex.def)             Requested size: 965.42285pt x 1365.3838pt.
File: appendix/AssessmentFatFinger.pdf Graphic file (type pdf)

<use appendix/AssessmentFatFinger.pdf, page 1>
Package pdftex.def Info: appendix/AssessmentFatFinger.pdf, page1 used on input 
line 13.
(pdftex.def)             Requested size: 965.42285pt x 1365.3838pt.
File: appendix/AssessmentFatFinger.pdf Graphic file (type pdf)

<use appendix/AssessmentFatFinger.pdf, page 1>
Package pdftex.def Info: appendix/AssessmentFatFinger.pdf, page1 used on input 
line 13.
(pdftex.def)             Requested size: 965.42285pt x 1365.3838pt.
File: appendix/AssessmentFatFinger.pdf Graphic file (type pdf)

<use appendix/AssessmentFatFinger.pdf, page 1>
Package pdftex.def Info: appendix/AssessmentFatFinger.pdf, page1 used on input 
line 13.
(pdftex.def)             Requested size: 965.42285pt x 1365.3838pt.
 [91 <./appendix/AssessmentFatFinger.pdf>]
<appendix/AssessmentFatFinger.pdf, id=1148, page=2, 597.50786pt x 845.04686pt>
File: appendix/AssessmentFatFinger.pdf Graphic file (type pdf)

<use appendix/AssessmentFatFinger.pdf, page 2>
Package pdftex.def Info: appendix/AssessmentFatFinger.pdf, page2 used on input 
line 13.
(pdftex.def)             Requested size: 965.42285pt x 1365.3838pt.
File: appendix/AssessmentFatFinger.pdf Graphic file (type pdf)

<use appendix/AssessmentFatFinger.pdf, page 2>
Package pdftex.def Info: appendix/AssessmentFatFinger.pdf, page2 used on input 
line 13.
(pdftex.def)             Requested size: 965.42285pt x 1365.3838pt.
File: appendix/AssessmentFatFinger.pdf Graphic file (type pdf)

<use appendix/AssessmentFatFinger.pdf, page 2>
Package pdftex.def Info: appendix/AssessmentFatFinger.pdf, page2 used on input 
line 13.
(pdftex.def)             Requested size: 965.42285pt x 1365.3838pt.
 [92 <./appendix/AssessmentFatFinger.pdf>]
<appendix/AssessmentFatFinger.pdf, id=1154, page=3, 597.50786pt x 845.04686pt>
File: appendix/AssessmentFatFinger.pdf Graphic file (type pdf)

<use appendix/AssessmentFatFinger.pdf, page 3>
Package pdftex.def Info: appendix/AssessmentFatFinger.pdf, page3 used on input 
line 13.
(pdftex.def)             Requested size: 965.42285pt x 1365.3838pt.
File: appendix/AssessmentFatFinger.pdf Graphic file (type pdf)

<use appendix/AssessmentFatFinger.pdf, page 3>
Package pdftex.def Info: appendix/AssessmentFatFinger.pdf, page3 used on input 
line 13.
(pdftex.def)             Requested size: 965.42285pt x 1365.3838pt.
File: appendix/AssessmentFatFinger.pdf Graphic file (type pdf)

<use appendix/AssessmentFatFinger.pdf, page 3>
Package pdftex.def Info: appendix/AssessmentFatFinger.pdf, page3 used on input 
line 13.
(pdftex.def)             Requested size: 965.42285pt x 1365.3838pt.
 [93 <./appendix/AssessmentFatFinger.pdf>]
<appendix/AssessmentFatFinger.pdf, id=1160, page=4, 597.50786pt x 845.04686pt>
File: appendix/AssessmentFatFinger.pdf Graphic file (type pdf)

<use appendix/AssessmentFatFinger.pdf, page 4>
Package pdftex.def Info: appendix/AssessmentFatFinger.pdf, page4 used on input 
line 13.
(pdftex.def)             Requested size: 965.42285pt x 1365.3838pt.
File: appendix/AssessmentFatFinger.pdf Graphic file (type pdf)

<use appendix/AssessmentFatFinger.pdf, page 4>
Package pdftex.def Info: appendix/AssessmentFatFinger.pdf, page4 used on input 
line 13.
(pdftex.def)             Requested size: 965.42285pt x 1365.3838pt.
File: appendix/AssessmentFatFinger.pdf Graphic file (type pdf)

<use appendix/AssessmentFatFinger.pdf, page 4>
Package pdftex.def Info: appendix/AssessmentFatFinger.pdf, page4 used on input 
line 13.
(pdftex.def)             Requested size: 965.42285pt x 1365.3838pt.
 [94 <./appendix/AssessmentFatFinger.pdf>]
<appendix/AssessmentFatFinger.pdf, id=1166, page=5, 597.50786pt x 845.04686pt>
File: appendix/AssessmentFatFinger.pdf Graphic file (type pdf)

<use appendix/AssessmentFatFinger.pdf, page 5>
Package pdftex.def Info: appendix/AssessmentFatFinger.pdf, page5 used on input 
line 13.
(pdftex.def)             Requested size: 965.42285pt x 1365.3838pt.
File: appendix/AssessmentFatFinger.pdf Graphic file (type pdf)

<use appendix/AssessmentFatFinger.pdf, page 5>
Package pdftex.def Info: appendix/AssessmentFatFinger.pdf, page5 used on input 
line 13.
(pdftex.def)             Requested size: 965.42285pt x 1365.3838pt.
File: appendix/AssessmentFatFinger.pdf Graphic file (type pdf)

<use appendix/AssessmentFatFinger.pdf, page 5>
Package pdftex.def Info: appendix/AssessmentFatFinger.pdf, page5 used on input 
line 13.
(pdftex.def)             Requested size: 965.42285pt x 1365.3838pt.
 [95 <./appendix/AssessmentFatFinger.pdf>])
Package atveryend Info: Empty hook `BeforeClearDocument' on input line 186.
Package atveryend Info: Empty hook `AfterLastShipout' on input line 186.
 (./FatFingerReport.aux)
Package atveryend Info: Executing hook `AtVeryEndDocument' on input line 186.
Package atveryend Info: Executing hook `AtEndAfterFileList' on input line 186.
Package rerunfilecheck Info: File `FatFingerReport.out' has not changed.
(rerunfilecheck)             Checksum: 7C71B4787C98176A8FE592E97A1520A6;3218.
Package atveryend Info: Empty hook `AtVeryVeryEnd' on input line 186.
 ) 
Here is how much of TeX's memory you used:
 11075 strings out of 493315
 164237 string characters out of 6137905
 286737 words of memory out of 5000000
 14073 multiletter control sequences out of 15000+600000
 12050 words of font info for 44 fonts, out of 8000000 for 9000
 957 hyphenation exceptions out of 8191
 44i,18n,58p,1350b,1189s stack positions out of 5000i,500n,10000p,200000b,80000s
</usr/local/texlive/2013/texmf-dist/fonts/type1/public/amsfonts/cm/cmbx10.pfb
></usr/local/texlive/2013/texmf-dist/fonts/type1/public/amsfonts/cm/cmbx12.pfb>
</usr/local/texlive/2013/texmf-dist/fonts/type1/public/amsfonts/cm/cmbxti10.pfb
></usr/local/texlive/2013/texmf-dist/fonts/type1/public/amsfonts/cm/cmitt10.pfb
></usr/local/texlive/2013/texmf-dist/fonts/type1/public/amsfonts/cm/cmmi10.pfb>
</usr/local/texlive/2013/texmf-dist/fonts/type1/public/amsfonts/cm/cmmi7.pfb></
usr/local/texlive/2013/texmf-dist/fonts/type1/public/amsfonts/cm/cmr10.pfb></us
r/local/texlive/2013/texmf-dist/fonts/type1/public/amsfonts/cm/cmr12.pfb></usr/
local/texlive/2013/texmf-dist/fonts/type1/public/amsfonts/cm/cmr7.pfb></usr/loc
al/texlive/2013/texmf-dist/fonts/type1/public/amsfonts/cm/cmr9.pfb></usr/local/
texlive/2013/texmf-dist/fonts/type1/public/amsfonts/cm/cmsy10.pfb></usr/local/t
exlive/2013/texmf-dist/fonts/type1/public/amsfonts/cm/cmsy7.pfb></usr/local/tex
live/2013/texmf-dist/fonts/type1/public/amsfonts/cm/cmti10.pfb></usr/local/texl
ive/2013/texmf-dist/fonts/type1/public/amsfonts/cm/cmtt10.pfb></usr/local/texli
ve/2013/texmf-dist/fonts/type1/public/amsfonts/cm/cmtt8.pfb>
Output written on FatFingerReport.pdf (95 pages, 5031816 bytes).
PDF statistics:
 1289 PDF objects out of 1440 (max. 8388607)
 1056 compressed objects within 11 object streams
 238 named destinations out of 1000 (max. 500000)
 617 words of extra memory for PDF output out of 10000 (max. 10000000)

